mode: set
github.com/mizmorr/wallet/internal/model/wallet.go:21.42,26.2 1 1
github.com/mizmorr/wallet/internal/model/wallet.go:28.40,33.2 1 1
github.com/mizmorr/wallet/internal/repository/wallet.go:18.55,20.2 1 1
github.com/mizmorr/wallet/internal/repository/wallet.go:22.89,34.16 4 1
github.com/mizmorr/wallet/internal/repository/wallet.go:34.16,37.3 2 0
github.com/mizmorr/wallet/internal/repository/wallet.go:38.2,38.32 1 1
github.com/mizmorr/wallet/internal/repository/wallet.go:38.32,41.3 2 1
github.com/mizmorr/wallet/internal/repository/wallet.go:43.2,44.12 2 1
github.com/mizmorr/wallet/internal/repository/wallet.go:47.88,58.16 4 1
github.com/mizmorr/wallet/internal/repository/wallet.go:58.16,61.3 2 0
github.com/mizmorr/wallet/internal/repository/wallet.go:62.2,62.32 1 1
github.com/mizmorr/wallet/internal/repository/wallet.go:62.32,65.3 2 1
github.com/mizmorr/wallet/internal/repository/wallet.go:66.2,67.12 2 1
github.com/mizmorr/wallet/internal/repository/wallet.go:70.97,79.16 4 1
github.com/mizmorr/wallet/internal/repository/wallet.go:79.16,80.27 1 1
github.com/mizmorr/wallet/internal/repository/wallet.go:80.27,83.4 2 1
github.com/mizmorr/wallet/internal/repository/wallet.go:85.3,86.18 2 0
github.com/mizmorr/wallet/internal/repository/wallet.go:89.2,90.21 2 1
github.com/mizmorr/wallet/internal/repository/wallet.go:93.100,102.16 4 1
github.com/mizmorr/wallet/internal/repository/wallet.go:102.16,105.3 2 0
github.com/mizmorr/wallet/internal/repository/wallet.go:107.2,108.23 2 1
github.com/mizmorr/wallet/internal/service/user.go:17.88,18.18 1 1
github.com/mizmorr/wallet/internal/service/user.go:18.18,20.3 1 1
github.com/mizmorr/wallet/internal/service/user.go:21.2,24.8 1 1
github.com/mizmorr/wallet/internal/service/user.go:27.97,29.16 2 1
github.com/mizmorr/wallet/internal/service/user.go:29.16,31.3 1 1
github.com/mizmorr/wallet/internal/service/user.go:33.2,33.28 1 1
github.com/mizmorr/wallet/internal/service/user.go:36.91,40.16 3 1
github.com/mizmorr/wallet/internal/service/user.go:40.16,42.3 1 1
github.com/mizmorr/wallet/internal/service/user.go:43.2,43.12 1 1
github.com/mizmorr/wallet/internal/service/user.go:46.92,50.16 3 1
github.com/mizmorr/wallet/internal/service/user.go:50.16,52.3 1 1
github.com/mizmorr/wallet/internal/service/user.go:53.2,53.12 1 1
